Determining if the pthread_create exist failed with the following output:
Change Dir: /root/catkin_workspace/build/CMakeFiles/CMakeTmp

Run Build Command:"/usr/bin/make" "cmTC_149cb/fast"
/usr/bin/make -f CMakeFiles/cmTC_149cb.dir/build.make CMakeFiles/cmTC_149cb.dir/build
make[1]: Entering directory '/root/catkin_workspace/build/CMakeFiles/CMakeTmp'
Building C object CMakeFiles/cmTC_149cb.dir/CheckSymbolExists.c.o
/usr/bin/cc    -o CMakeFiles/cmTC_149cb.dir/CheckSymbolExists.c.o   -c /root/catkin_workspace/build/CMakeFiles/CMakeTmp/CheckSymbolExists.c
Linking C executable cmTC_149cb
/usr/bin/cmake -E cmake_link_script CMakeFiles/cmTC_149cb.dir/link.txt --verbose=1
/usr/bin/cc      -rdynamic CMakeFiles/cmTC_149cb.dir/CheckSymbolExists.c.o  -o cmTC_149cb 
CMakeFiles/cmTC_149cb.dir/CheckSymbolExists.c.o: In function `main':
CheckSymbolExists.c:(.text+0x1b): undefined reference to `pthread_create'
collect2: error: ld returned 1 exit status
CMakeFiles/cmTC_149cb.dir/build.make:97: recipe for target 'cmTC_149cb' failed
make[1]: *** [cmTC_149cb] Error 1
make[1]: Leaving directory '/root/catkin_workspace/build/CMakeFiles/CMakeTmp'
Makefile:126: recipe for target 'cmTC_149cb/fast' failed
make: *** [cmTC_149cb/fast] Error 2

File /root/catkin_workspace/build/CMakeFiles/CMakeTmp/CheckSymbolExists.c:
/* */
#include <pthread.h>

int main(int argc, char** argv)
{
  (void)argv;
#ifndef pthread_create
  return ((int*)(&pthread_create))[argc];
#else
  (void)argc;
  return 0;
#endif
}

Determining if the function pthread_create exists in the pthreads failed with the following output:
Change Dir: /root/catkin_workspace/build/CMakeFiles/CMakeTmp

Run Build Command:"/usr/bin/make" "cmTC_8a255/fast"
/usr/bin/make -f CMakeFiles/cmTC_8a255.dir/build.make CMakeFiles/cmTC_8a255.dir/build
make[1]: Entering directory '/root/catkin_workspace/build/CMakeFiles/CMakeTmp'
Building C object CMakeFiles/cmTC_8a255.dir/CheckFunctionExists.c.o
/usr/bin/cc   -DCHECK_FUNCTION_EXISTS=pthread_create   -o CMakeFiles/cmTC_8a255.dir/CheckFunctionExists.c.o   -c /usr/share/cmake-3.10/Modules/CheckFunctionExists.c
Linking C executable cmTC_8a255
/usr/bin/cmake -E cmake_link_script CMakeFiles/cmTC_8a255.dir/link.txt --verbose=1
/usr/bin/cc  -DCHECK_FUNCTION_EXISTS=pthread_create    -rdynamic CMakeFiles/cmTC_8a255.dir/CheckFunctionExists.c.o  -o cmTC_8a255 -lpthreads 
/usr/bin/ld: cannot find -lpthreads
collect2: error: ld returned 1 exit status
CMakeFiles/cmTC_8a255.dir/build.make:97: recipe for target 'cmTC_8a255' failed
make[1]: *** [cmTC_8a255] Error 1
make[1]: Leaving directory '/root/catkin_workspace/build/CMakeFiles/CMakeTmp'
Makefile:126: recipe for target 'cmTC_8a255/fast' failed
make: *** [cmTC_8a255/fast] Error 2


